<?xml version="1.0" encoding="UTF-8"?>
<testsuite name="org.test.WebPageTest" tests="1" skipped="0" failures="0" errors="0" timestamp="2025-05-19T05:30:25" hostname="DESKTOP-35RTSH7" time="0.022">
  <properties/>
  <testcase name="titleValidationTest" classname="org.test.WebPageTest" time="0.022"/>
  <system-out><![CDATA[]]></system-out>
  <system-err><![CDATA[]]></system-err>
</testsuite>
